<?xml version="1.0" encoding="UTF-8"?>
<!-- Generated by org.testng.reporters.JUnitXMLReporter -->
<testsuite hostname="IABLR-LT155" name="Test" tests="2" failures="1" timestamp="7 Nov 2019 07:46:39 GMT" time="4.414" errors="0">
  <testcase name="runScenario" time="2.747" classname="Runner.RunCuke"/>
  <testcase name="runScenario" time="0.958" classname="Runner.RunCuke">
    <failure type="java.lang.AssertionError" message="expected [21312] but found [Invalid API Key provided: sk_test_***************************alid]">
      <![CDATA[java.lang.AssertionError: expected [21312] but found [Invalid API Key provided: sk_test_***************************alid]
	at StepDefnitions.Create_Customer_Test.the_response_contains_the_message(Create_Customer_Test.java:158)
	at âœ½.the response contains the message "21312"(./src/test/Feature_Files/Customer_API.feature:23)
... Removed 6 stack frames]]>
    </failure>
  </testcase> <!-- runScenario -->
</testsuite> <!-- Test -->
